<?xml version="1.0" encoding="UTF-8"?>
<testsuite xmlns:xsi="http://www.w3.org/2001/XMLSchema-instance" xsi:noNamespaceSchemaLocation="https://maven.apache.org/surefire/maven-surefire-plugin/xsd/surefire-test-report.xsd" name="org.sonatype.nexus.plugins.apk.orient.internal.ApkPathUtilsTest" time="1.758" tests="8" errors="0" skipped="0" failures="0">
  <properties>
[...]
</properties>
  <testcase name="versionParseTest" classname="org.sonatype.nexus.plugins.apk.orient.internal.ApkPathUtilsTest" time="1.738"/>
  <testcase name="versionWithDateTagParseTest" classname="org.sonatype.nexus.plugins.apk.orient.internal.ApkPathUtilsTest" time="0.001"/>
  <testcase name="nameWithDotParseTest" classname="org.sonatype.nexus.plugins.apk.orient.internal.ApkPathUtilsTest" time="0.003"/>
  <testcase name="versionWithRCParseTest" classname="org.sonatype.nexus.plugins.apk.orient.internal.ApkPathUtilsTest" time="0.004"/>
  <testcase name="nameParseTest" classname="org.sonatype.nexus.plugins.apk.orient.internal.ApkPathUtilsTest" time="0.001"/>
  <testcase name="nameWithDateTagParseTest" classname="org.sonatype.nexus.plugins.apk.orient.internal.ApkPathUtilsTest" time="0.003"/>
  <testcase name="nameWithRCParseTest" classname="org.sonatype.nexus.plugins.apk.orient.internal.ApkPathUtilsTest" time="0.002"/>
  <testcase name="versionWithDotParseTest" classname="org.sonatype.nexus.plugins.apk.orient.internal.ApkPathUtilsTest" time="0.002"/>
</testsuite>